<?xml version="1.0" encoding="UTF-8"?>
<!-- Generated by org.testng.reporters.JUnitReportReporter -->
<testsuite hostname="DESKTOP-1SST5UI" failures="0" tests="3" name="Tasks.Deleteandclonetask" time="136.646" errors="0" timestamp="2024-09-17T08:28:52 IST" skipped="0">
  <testcase classname="Tasks.Deleteandclonetask" name="clone_editallfields" time="74.980"/>
  <system-out/>
  <testcase classname="Tasks.Deleteandclonetask" name="clonetask_saveandnew" time="29.316"/>
  <system-out/>
  <testcase classname="Tasks.Deleteandclonetask" name="Clonetask" time="32.350"/>
  <system-out/>
</testsuite> <!-- Tasks.Deleteandclonetask -->
