<?xml version="1.0" encoding="UTF-8"?>
<!-- Generated by org.testng.reporters.JUnitReportReporter -->
<testsuite hostname="DESKTOP-1SST5UI" failures="0" tests="1" name="Clone.Dealsclone" time="13.755" errors="0" timestamp="2024-09-06T15:52:42 IST" skipped="0">
  <testcase classname="Clone.Dealsclone" name="clone_deal" time="13.755"/>
  <system-out/>
</testsuite> <!-- Clone.Dealsclone -->
