<?xml version="1.0" encoding="UTF-8"?>
<!-- Generated by org.testng.reporters.JUnitReportReporter -->
<testsuite hostname="DESKTOP-1SST5UI" failures="0" tests="4" name="Meetings.Massfunctionality" time="159.273" errors="0" timestamp="2024-09-20T12:46:10 IST" skipped="0">
  <testcase classname="Meetings.Massfunctionality" name="mass_delete" time="36.635"/>
  <system-out/>
  <testcase classname="Meetings.Massfunctionality" name="masstransfer_meeting" time="47.445"/>
  <system-out/>
  <testcase classname="Meetings.Massfunctionality" name="massupdatewithoutvalue_meeting" time="35.316"/>
  <system-out/>
  <testcase classname="Meetings.Massfunctionality" name="massupdate_valid" time="39.877"/>
  <system-out/>
</testsuite> <!-- Meetings.Massfunctionality -->
