<?xml version="1.0" encoding="UTF-8"?>
<!-- Generated by org.testng.reporters.JUnitReportReporter -->
<testsuite hostname="DESKTOP-1SST5UI" failures="0" tests="1" name="Cretae.Createdeal" time="59.844" errors="0" timestamp="2024-09-10T16:00:23 IST" skipped="0">
  <testcase classname="Cretae.Createdeal" name="deal_contactnameempty" time="59.844"/>
  <system-out/>
</testsuite> <!-- Cretae.Createdeal -->
