<?xml version="1.0" encoding="UTF-8"?>
<!-- Generated by org.testng.reporters.JUnitReportReporter -->
<testsuite hostname="DESKTOP-1SST5UI" failures="0" tests="2" name="Meetings.Editmeetings" time="133.563" errors="0" timestamp="2024-09-19T15:20:52 IST" skipped="0">
  <testcase classname="Meetings.Editmeetings" name="editmeeting_allfields" time="102.382"/>
  <system-out/>
  <testcase classname="Meetings.Editmeetings" name="editmeeting_save" time="31.181"/>
  <system-out/>
</testsuite> <!-- Meetings.Editmeetings -->
