<?xml version="1.0" encoding="UTF-8"?>
<!-- Generated by org.testng.reporters.JUnitReportReporter -->
<testsuite hostname="DESKTOP-1SST5UI" failures="0" tests="1" name="Delete.Dealsdelete" time="6.036" errors="0" timestamp="2024-09-06T14:58:39 IST" skipped="0">
  <testcase classname="Delete.Dealsdelete" name="Delete_deal" time="6.036"/>
  <system-out/>
</testsuite> <!-- Delete.Dealsdelete -->
