<?xml version="1.0" encoding="UTF-8"?>
<!-- Generated by org.testng.reporters.JUnitReportReporter -->
<testsuite hostname="DESKTOP-1SST5UI" failures="0" tests="6" name="Tasks.Massfunctions" time="298.375" errors="0" timestamp="2024-09-17T12:21:37 IST" skipped="0">
  <testcase classname="Tasks.Massfunctions" name="invalidPriority_Massupdate_Task" time="42.474"/>
  <system-out/>
  <testcase classname="Tasks.Massfunctions" name="ValidPriority_Massupdate_task" time="50.728"/>
  <system-out/>
  <testcase classname="Tasks.Massfunctions" name="invalidstatus_Massupdate" time="54.166"/>
  <system-out/>
  <testcase classname="Tasks.Massfunctions" name="validstatus_massupdate_task" time="55.570"/>
  <system-out/>
  <testcase classname="Tasks.Massfunctions" name="invalidduedate_massupdate_task" time="46.365"/>
  <system-out/>
  <testcase classname="Tasks.Massfunctions" name="task_Massupdatevalid_Duedate" time="49.072"/>
  <system-out/>
</testsuite> <!-- Tasks.Massfunctions -->
