<?xml version="1.0" encoding="UTF-8"?>
<!-- Generated by org.testng.reporters.JUnitReportReporter -->
<testsuite hostname="DESKTOP-1SST5UI" failures="0" tests="18" name="calls.Filters" time="86.510" errors="0" timestamp="2024-10-03T12:54:34 IST" skipped="0">
  <testcase classname="calls.Filters" name="allcalls_filters" time="4.181"/>
  <system-out/>
  <testcase classname="calls.Filters" name="attendedcalls_filter" time="3.053"/>
  <system-out/>
  <testcase classname="calls.Filters" name="cancelledcalls_filters" time="3.121"/>
  <system-out/>
  <testcase classname="calls.Filters" name="completedcalls_filters" time="2.976"/>
  <system-out/>
  <testcase classname="calls.Filters" name="incomingcalls_filter" time="4.717"/>
  <system-out/>
  <testcase classname="calls.Filters" name="missedcalls_filter" time="13.699"/>
  <system-out/>
  <testcase classname="calls.Filters" name="Myattendedcalls_filter" time="6.013"/>
  <system-out/>
  <testcase classname="calls.Filters" name="mycalls_filter" time="3.663"/>
  <system-out/>
  <testcase classname="calls.Filters" name="myincomingcalls_filter" time="3.690"/>
  <system-out/>
  <testcase classname="calls.Filters" name="mymissedcalls_filter" time="3.230"/>
  <system-out/>
  <testcase classname="calls.Filters" name="myoutgoingcalls_filter" time="5.333"/>
  <system-out/>
  <testcase classname="calls.Filters" name="myoverduecalls_filter" time="3.356"/>
  <system-out/>
  <testcase classname="calls.Filters" name="Myscheduledcalls_filter" time="7.362"/>
  <system-out/>
  <testcase classname="calls.Filters" name="outgoingcalls_filter" time="6.449"/>
  <system-out/>
  <testcase classname="calls.Filters" name="Overduecalls_filter" time="4.552"/>
  <system-out/>
  <testcase classname="calls.Filters" name="scheduled_filter" time="3.680"/>
  <system-out/>
  <testcase classname="calls.Filters" name="todayScheduledCalls_filter" time="3.778"/>
  <system-out/>
  <testcase classname="calls.Filters" name="Unattendedcalls_filter" time="3.657"/>
  <system-out/>
</testsuite> <!-- calls.Filters -->
