<?xml version="1.0" encoding="UTF-8"?>
<!-- Generated by org.testng.reporters.JUnitReportReporter -->
<testsuite hostname="DESKTOP-1SST5UI" failures="0" tests="3" name="Generalsettings.adduser" time="14.956" errors="0" timestamp="2024-09-27T15:08:22 IST" skipped="0">
  <testcase classname="Generalsettings.adduser" name="adduser_settings" time="8.358"/>
  <system-out/>
  <testcase classname="Generalsettings.adduser" name="invalid_email" time="3.278"/>
  <system-out/>
  <testcase classname="Generalsettings.adduser" name="empty_Role" time="3.320"/>
  <system-out/>
</testsuite> <!-- Generalsettings.adduser -->
