<?xml version="1.0" encoding="UTF-8"?>
<!-- Generated by org.testng.reporters.JUnitReportReporter -->
<testsuite hostname="DESKTOP-1SST5UI" failures="0" tests="1" name="Massfunctionality.DealsMassdelete" time="62.553" errors="0" timestamp="2024-09-11T12:04:01 IST" skipped="0">
  <testcase classname="Massfunctionality.DealsMassdelete" name="deal_type_massupdate" time="62.553"/>
  <system-out/>
</testsuite> <!-- Massfunctionality.DealsMassdelete -->
