<?xml version="1.0" encoding="UTF-8"?>
<!-- Generated by org.testng.reporters.JUnitReportReporter -->
<testsuite hostname="DESKTOP-1SST5UI" failures="0" tests="1" name="RelatedList.Invoices" time="40.234" errors="0" timestamp="2024-09-13T15:20:59 IST" skipped="0">
  <testcase classname="RelatedList.Invoices" name="invoice_manage" time="40.234"/>
  <system-out/>
</testsuite> <!-- RelatedList.Invoices -->
