<?xml version="1.0" encoding="UTF-8"?>
<!-- Generated by org.testng.reporters.JUnitReportReporter -->
<testsuite hostname="DESKTOP-1SST5UI" failures="0" tests="1" name="Meetings.Clonemeeting" time="128.644" errors="0" timestamp="2024-09-20T10:50:30 IST" skipped="0">
  <testcase classname="Meetings.Clonemeeting" name="Clone_editallfields_Meeting" time="128.644"/>
  <system-out/>
</testsuite> <!-- Meetings.Clonemeeting -->
