<?xml version="1.0" encoding="UTF-8"?>
<!-- Generated by org.testng.reporters.JUnitReportReporter -->
<testsuite hostname="DESKTOP-1SST5UI" failures="0" tests="2" name="Tasks.Overviewedittask" time="124.197" errors="0" timestamp="2024-09-18T08:51:26 IST" skipped="0">
  <testcase classname="Tasks.Overviewedittask" name="Overview_editallfields" time="104.952"/>
  <system-out/>
  <testcase classname="Tasks.Overviewedittask" name="task_timeline" time="19.245"/>
  <system-out/>
</testsuite> <!-- Tasks.Overviewedittask -->
