<?xml version="1.0" encoding="UTF-8"?>
<!-- Generated by org.testng.reporters.JUnitReportReporter -->
<testsuite hostname="DESKTOP-1SST5UI" failures="0" tests="1" name="Securitycontrol.RolesAndSharing" time="4.492" errors="0" timestamp="2024-10-04T10:43:22 IST" skipped="0">
  <testcase classname="Securitycontrol.RolesAndSharing" name="collapseall_role" time="4.492"/>
  <system-out/>
</testsuite> <!-- Securitycontrol.RolesAndSharing -->
