<?xml version="1.0" encoding="UTF-8"?>
<!-- Generated by org.testng.reporters.JUnitReportReporter -->
<testsuite hostname="DESKTOP-1SST5UI" failures="0" tests="4" name="Generalsettings.userfilters" time="12.296" errors="0" timestamp="2024-09-30T08:16:30 IST" skipped="0">
  <testcase classname="Generalsettings.userfilters" name="activeuser_filter" time="4.211"/>
  <system-out/>
  <testcase classname="Generalsettings.userfilters" name="Deactivateduser_filter" time="2.503"/>
  <system-out/>
  <testcase classname="Generalsettings.userfilters" name="Unconfirmedusers_filters" time="2.494"/>
  <system-out/>
  <testcase classname="Generalsettings.userfilters" name="deletedusers_filters" time="3.088"/>
  <system-out/>
</testsuite> <!-- Generalsettings.userfilters -->
