<?xml version="1.0" encoding="UTF-8"?>
<!-- Generated by org.testng.reporters.JUnitReportReporter -->
<testsuite hostname="DESKTOP-1SST5UI" failures="0" tests="8" name="calls.Massfunctions" time="35.521" errors="0" timestamp="2024-10-03T11:00:45 IST" skipped="0">
  <testcase classname="calls.Massfunctions" name="empty_callresult" time="4.224"/>
  <system-out/>
  <testcase classname="calls.Massfunctions" name="empty_callpurpose" time="3.665"/>
  <system-out/>
  <testcase classname="calls.Massfunctions" name="empty_massupdate" time="3.698"/>
  <system-out/>
  <testcase classname="calls.Massfunctions" name="callpurpose_update" time="3.850"/>
  <system-out/>
  <testcase classname="calls.Massfunctions" name="callresult_massupdate" time="5.088"/>
  <system-out/>
  <testcase classname="calls.Massfunctions" name="massupdate" time="6.422"/>
  <system-out/>
  <testcase classname="calls.Massfunctions" name="massdelete" time="4.403"/>
  <system-out/>
  <testcase classname="calls.Massfunctions" name="Masstransfer" time="4.171"/>
  <system-out/>
</testsuite> <!-- calls.Massfunctions -->
