<?xml version="1.0" encoding="UTF-8"?>
<!-- Generated by org.testng.reporters.JUnitReportReporter -->
<testsuite hostname="DESKTOP-1SST5UI" failures="0" tests="2" name="Securitycontrol.newprofile" time="7.385" errors="0" timestamp="2024-10-04T07:52:17 IST" skipped="0">
  <testcase classname="Securitycontrol.newprofile" name="add_newprofile" time="3.910"/>
  <system-out/>
  <testcase classname="Securitycontrol.newprofile" name="empty_profilename" time="3.475"/>
  <system-out/>
</testsuite> <!-- Securitycontrol.newprofile -->
