<?xml version="1.0" encoding="UTF-8"?>
<!-- Generated by org.testng.reporters.JUnitReportReporter -->
<testsuite hostname="DESKTOP-1SST5UI" failures="0" tests="3" name="calls.createlogacall" time="27.279" errors="0" timestamp="2024-10-01T12:16:03 IST" skipped="0">
  <testcase classname="calls.createlogacall" name="emptysubject_logacall" time="4.486"/>
  <system-out/>
  <testcase classname="calls.createlogacall" name="emptycallduration_logacall" time="11.392"/>
  <system-out/>
  <testcase classname="calls.createlogacall" name="empty_callstarttime" time="11.401"/>
  <system-out/>
</testsuite> <!-- calls.createlogacall -->
