<?xml version="1.0" encoding="UTF-8"?>
<!-- Generated by org.testng.reporters.JUnitReportReporter -->
<testsuite hostname="DESKTOP-1SST5UI" failures="0" tests="2" name="TimelineandOverview.DealsOverview" time="76.794" errors="0" timestamp="2024-09-11T13:33:58 IST" skipped="0">
  <testcase classname="TimelineandOverview.DealsOverview" name="deals_Timeline" time="37.221"/>
  <system-out/>
  <testcase classname="TimelineandOverview.DealsOverview" name="Deals_Overview" time="39.573"/>
  <system-out/>
</testsuite> <!-- TimelineandOverview.DealsOverview -->
