<?xml version="1.0" encoding="UTF-8"?>
<!-- Generated by org.testng.reporters.JUnitReportReporter -->
<testsuite hostname="DESKTOP-1SST5UI" failures="0" tests="1" name="Meetings.Deletemeeting" time="32.804" errors="0" timestamp="2024-09-20T11:04:39 IST" skipped="0">
  <testcase classname="Meetings.Deletemeeting" name="delete_meeting" time="32.804"/>
  <system-out/>
</testsuite> <!-- Meetings.Deletemeeting -->
