<?xml version="1.0" encoding="UTF-8"?>
<!-- Generated by org.testng.reporters.JUnitReportReporter -->
<testsuite hostname="DESKTOP-1SST5UI" failures="0" tests="4" name="Generalsettings.Companysettings" time="16.126" errors="0" timestamp="2024-09-30T14:48:38 IST" skipped="0">
  <testcase classname="Generalsettings.Companysettings" name="editallfields_companysetting" time="6.602"/>
  <system-out/>
  <testcase classname="Generalsettings.Companysettings" name="invalid_employeecount" time="3.075"/>
  <system-out/>
  <testcase classname="Generalsettings.Companysettings" name="invalid_website" time="3.245"/>
  <system-out/>
  <testcase classname="Generalsettings.Companysettings" name="empty_companyname" time="3.204"/>
  <system-out/>
</testsuite> <!-- Generalsettings.Companysettings -->
