<?xml version="1.0" encoding="UTF-8"?>
<!-- Generated by org.testng.reporters.JUnitReportReporter -->
<testsuite hostname="DESKTOP-1SST5UI" failures="0" tests="6" name="Tasks.Createtask" time="233.130" errors="0" timestamp="2024-09-16T10:43:49 IST" skipped="0">
  <testcase classname="Tasks.Createtask" name="emptyduedate_createtask" time="23.753"/>
  <system-out/>
  <testcase classname="Tasks.Createtask" name="validsubnumbers_createtask" time="25.548"/>
  <system-out/>
  <testcase classname="Tasks.Createtask" name="invalidsubjectspecialcharacters_task" time="25.023"/>
  <system-out/>
  <testcase classname="Tasks.Createtask" name="createtask_saveandnew" time="25.671"/>
  <system-out/>
  <testcase classname="Tasks.Createtask" name="createtask_allfields" time="108.445"/>
  <system-out/>
  <testcase classname="Tasks.Createtask" name="createtask_withmandatoryfields" time="24.690"/>
  <system-out/>
</testsuite> <!-- Tasks.Createtask -->
