<?xml version="1.0" encoding="UTF-8"?>
<!-- Generated by org.testng.reporters.JUnitReportReporter -->
<testsuite hostname="DESKTOP-1SST5UI" failures="0" tests="1" name="Tasks.Deletetask" time="28.755" errors="0" timestamp="2024-09-17T07:29:23 IST" skipped="0">
  <testcase classname="Tasks.Deletetask" name="deletetask" time="28.755"/>
  <system-out/>
</testsuite> <!-- Tasks.Deletetask -->
