<?xml version="1.0" encoding="UTF-8"?>
<!-- Generated by org.testng.reporters.JUnitReportReporter -->
<testsuite hostname="DESKTOP-1SST5UI" failures="0" tests="11" name="Filters.DealsFilters" time="95.947" errors="0" timestamp="2024-09-11T15:25:25 IST" skipped="0">
  <testcase classname="Filters.DealsFilters" name="deals_RecentlyModifiedDeals" time="8.441"/>
  <system-out/>
  <testcase classname="Filters.DealsFilters" name="deals_RecentlyCreatedDeals" time="7.357"/>
  <system-out/>
  <testcase classname="Filters.DealsFilters" name="deals_NewThisWeek" time="13.746"/>
  <system-out/>
  <testcase classname="Filters.DealsFilters" name="deals_NewLastWeek" time="7.865"/>
  <system-out/>
  <testcase classname="Filters.DealsFilters" name="Deals_MyDealsClosingThisMonth" time="11.216"/>
  <system-out/>
  <testcase classname="Filters.DealsFilters" name="deals_MyDeals" time="8.015"/>
  <system-out/>
  <testcase classname="Filters.DealsFilters" name="deals_DealsSharedToMe" time="7.687"/>
  <system-out/>
  <testcase classname="Filters.DealsFilters" name="deals_DealsSharedByMe" time="8.267"/>
  <system-out/>
  <testcase classname="Filters.DealsFilters" name="deals_Closingthismonth" time="7.933"/>
  <system-out/>
  <testcase classname="Filters.DealsFilters" name="deals_Closingnextmonth" time="7.692"/>
  <system-out/>
  <testcase classname="Filters.DealsFilters" name="deals_alldeals" time="7.728"/>
  <system-out/>
</testsuite> <!-- Filters.DealsFilters -->
