<?xml version="1.0" encoding="UTF-8"?>
<!-- Generated by org.testng.reporters.JUnitReportReporter -->
<testsuite hostname="DESKTOP-1SST5UI" failures="0" tests="8" name="Tasks.Edittask" time="330.760" errors="0" timestamp="2024-09-16T14:47:39 IST" skipped="0">
  <testcase classname="Tasks.Edittask" name="Edittaskand_update" time="26.345"/>
  <system-out/>
  <testcase classname="Tasks.Edittask" name="edit_vendor_task" time="41.306"/>
  <system-out/>
  <testcase classname="Tasks.Edittask" name="edit_Campaign_task" time="43.286"/>
  <system-out/>
  <testcase classname="Tasks.Edittask" name="edit_Invoice_task" time="46.001"/>
  <system-out/>
  <testcase classname="Tasks.Edittask" name="edit_purchaseorder_task" time="42.223"/>
  <system-out/>
  <testcase classname="Tasks.Edittask" name="edit_salesorder_task" time="41.393"/>
  <system-out/>
  <testcase classname="Tasks.Edittask" name="edit_quotes_task" time="47.538"/>
  <system-out/>
  <testcase classname="Tasks.Edittask" name="edit_product_task" time="42.668"/>
  <system-out/>
</testsuite> <!-- Tasks.Edittask -->
