<?xml version="1.0" encoding="UTF-8"?>
<!-- Generated by org.testng.reporters.JUnitReportReporter -->
<testsuite hostname="DESKTOP-1SST5UI" failures="0" tests="8" name="Meetings.Filtersmeetings" time="190.775" errors="0" timestamp="2024-09-25T09:28:56 IST" skipped="0">
  <testcase classname="Meetings.Filtersmeetings" name="All_meetings" time="25.325"/>
  <system-out/>
  <testcase classname="Meetings.Filtersmeetings" name="Completed_meetings" time="23.302"/>
  <system-out/>
  <testcase classname="Meetings.Filtersmeetings" name="Mycompleted_meetings" time="25.982"/>
  <system-out/>
  <testcase classname="Meetings.Filtersmeetings" name="My_meetings" time="23.495"/>
  <system-out/>
  <testcase classname="Meetings.Filtersmeetings" name="Mytodays_meeting" time="23.192"/>
  <system-out/>
  <testcase classname="Meetings.Filtersmeetings" name="Myupcoming_meeting" time="23.008"/>
  <system-out/>
  <testcase classname="Meetings.Filtersmeetings" name="Thisweeks_Meeting" time="23.172"/>
  <system-out/>
  <testcase classname="Meetings.Filtersmeetings" name="Upcoming_meeting" time="23.299"/>
  <system-out/>
</testsuite> <!-- Meetings.Filtersmeetings -->
