<?xml version="1.0" encoding="UTF-8"?>
<!-- Generated by org.testng.reporters.JUnitReportReporter -->
<testsuite hostname="DESKTOP-1SST5UI" failures="0" tests="1" name="Meetings.createmeeting" time="75.048" errors="0" timestamp="2024-09-19T12:10:34 IST" skipped="0">
  <testcase classname="Meetings.createmeeting" name="createmeeting_withmandatoryfields" time="75.048"/>
  <system-out/>
</testsuite> <!-- Meetings.createmeeting -->
