<?xml version="1.0" encoding="UTF-8"?>
<!-- Generated by org.testng.reporters.JUnitReportReporter -->
<testsuite hostname="DESKTOP-1SST5UI" failures="0" tests="5" name="calls.pagination" time="16.272" errors="0" timestamp="2024-10-03T14:03:35 IST" skipped="0">
  <testcase classname="calls.pagination" name="recordsperpage10_calls" time="3.849"/>
  <system-out/>
  <testcase classname="calls.pagination" name="recordsperpage20_calls" time="2.762"/>
  <system-out/>
  <testcase classname="calls.pagination" name="recordsperpage30_calls" time="3.169"/>
  <system-out/>
  <testcase classname="calls.pagination" name="recordsperpage40_calls" time="2.955"/>
  <system-out/>
  <testcase classname="calls.pagination" name="recordsperpage50_calls" time="3.537"/>
  <system-out/>
</testsuite> <!-- calls.pagination -->
