<?xml version="1.0" encoding="UTF-8"?>
<!-- Generated by org.testng.reporters.JUnitReportReporter -->
<testsuite hostname="DESKTOP-1SST5UI" failures="0" tests="1" name="RelatedList.Notesandstagehistory" time="34.605" errors="0" timestamp="2024-09-12T15:48:31 IST" skipped="0">
  <testcase classname="RelatedList.Notesandstagehistory" name="edit_notes" time="34.605"/>
  <system-out/>
</testsuite> <!-- RelatedList.Notesandstagehistory -->
