<?xml version="1.0" encoding="UTF-8"?>
<!-- Generated by org.testng.reporters.JUnitReportReporter -->
<testsuite hostname="DESKTOP-1SST5UI" failures="0" tests="1" name="Create.Createlead" time="32.219" errors="0" timestamp="2024-09-12T10:00:04 IST" skipped="0">
  <testcase classname="Create.Createlead" name="testcreatedeal" time="32.219"/>
  <system-out/>
</testsuite> <!-- Create.Createlead -->
