<?xml version="1.0" encoding="UTF-8"?>
<!-- Generated by org.testng.reporters.JUnitReportReporter -->
<testsuite hostname="DESKTOP-1SST5UI" failures="0" tests="1" name="RelatedList.Salesorderdeals" time="160.923" errors="0" timestamp="2024-09-13T11:31:18 IST" skipped="0">
  <testcase classname="RelatedList.Salesorderdeals" name="salesorder_changeallfields" time="160.923"/>
  <system-out/>
</testsuite> <!-- RelatedList.Salesorderdeals -->
