<?xml version="1.0" encoding="UTF-8"?>
<!-- Generated by org.testng.reporters.JUnitReportReporter -->
<testsuite hostname="DESKTOP-1SST5UI" failures="0" tests="4" name="Generalsettings.Personalprofile" time="33.345" errors="0" timestamp="2024-09-26T15:28:21 IST" skipped="0">
  <testcase classname="Generalsettings.Personalprofile" name="Personalprofile_edit" time="23.688"/>
  <system-out/>
  <testcase classname="Generalsettings.Personalprofile" name="Invalidwebsite_edit" time="3.570"/>
  <system-out/>
  <testcase classname="Generalsettings.Personalprofile" name="invalid_Lastname" time="3.116"/>
  <system-out/>
  <testcase classname="Generalsettings.Personalprofile" name="invalid_firstname" time="2.971"/>
  <system-out/>
</testsuite> <!-- Generalsettings.Personalprofile -->
