<?xml version="1.0" encoding="UTF-8"?>
<!-- Generated by org.testng.reporters.JUnitReportReporter -->
<testsuite hostname="DESKTOP-1SST5UI" failures="0" tests="5" name="Meetings.paginationmeetings" time="16.615" errors="0" timestamp="2024-09-25T09:35:22 IST" skipped="0">
  <testcase classname="Meetings.paginationmeetings" name="recordsperpage10_meetings" time="3.449"/>
  <system-out/>
  <testcase classname="Meetings.paginationmeetings" name="recordsperpage20_meetings" time="3.039"/>
  <system-out/>
  <testcase classname="Meetings.paginationmeetings" name="recordsperpage30_meetings" time="3.080"/>
  <system-out/>
  <testcase classname="Meetings.paginationmeetings" name="recordsperpage40_meetings" time="3.487"/>
  <system-out/>
  <testcase classname="Meetings.paginationmeetings" name="recordsperpage50_meetings" time="3.560"/>
  <system-out/>
</testsuite> <!-- Meetings.paginationmeetings -->
