<?xml version="1.0" encoding="UTF-8"?>
<!-- Generated by org.testng.reporters.JUnitReportReporter -->
<testsuite hostname="DESKTOP-1SST5UI" failures="0" tests="1" name="Massdelete.DealsMassdelete" time="48.176" errors="0" timestamp="2024-09-10T13:33:05 IST" skipped="0">
  <testcase classname="Massdelete.DealsMassdelete" name="testMassdelete_Deal" time="48.176"/>
  <system-out/>
</testsuite> <!-- Massdelete.DealsMassdelete -->
