<?xml version="1.0" encoding="UTF-8"?>
<!-- Generated by org.testng.reporters.JUnitReportReporter -->
<testsuite hostname="DESKTOP-1SST5UI" failures="0" tests="1" name="Tasks.closedtask" time="25.799" errors="0" timestamp="2024-09-16T15:30:53 IST" skipped="0">
  <testcase classname="Tasks.closedtask" name="closed_task" time="25.799"/>
  <system-out/>
</testsuite> <!-- Tasks.closedtask -->
