<?xml version="1.0" encoding="UTF-8"?>
<!-- Generated by org.testng.reporters.JUnitReportReporter -->
<testsuite hostname="DESKTOP-1SST5UI" failures="0" tests="4" name="Securitycontrol.clone" time="24.746" errors="0" timestamp="2024-10-04T08:53:42 IST" skipped="0">
  <testcase classname="Securitycontrol.clone" name="rename_profile" time="8.174"/>
  <system-out/>
  <testcase classname="Securitycontrol.clone" name="clone_profile" time="6.222"/>
  <system-out/>
  <testcase classname="Securitycontrol.clone" name="delete_profile" time="5.102"/>
  <system-out/>
  <testcase classname="Securitycontrol.clone" name="view_users" time="5.248"/>
  <system-out/>
</testsuite> <!-- Securitycontrol.clone -->
