<?xml version="1.0" encoding="UTF-8"?>
<!-- Generated by org.testng.reporters.JUnitReportReporter -->
<testsuite hostname="DESKTOP-1SST5UI" failures="0" tests="14" name="Tasks.taskfilters" time="290.983" errors="0" timestamp="2024-09-18T15:07:42 IST" skipped="0">
  <testcase classname="Tasks.taskfilters" name="Alltask_filter" time="24.055"/>
  <system-out/>
  <testcase classname="Tasks.taskfilters" name="closedtask_filter" time="23.043"/>
  <system-out/>
  <testcase classname="Tasks.taskfilters" name="Myclosedtask_filter" time="19.010"/>
  <system-out/>
  <testcase classname="Tasks.taskfilters" name="Mynext7days_filter" time="19.162"/>
  <system-out/>
  <testcase classname="Tasks.taskfilters" name="Myopentask_filter" time="19.898"/>
  <system-out/>
  <testcase classname="Tasks.taskfilters" name="Myoverduetask_filter" time="20.249"/>
  <system-out/>
  <testcase classname="Tasks.taskfilters" name="Mytask_filter" time="22.286"/>
  <system-out/>
  <testcase classname="Tasks.taskfilters" name="Mytodaystask_filter" time="20.288"/>
  <system-out/>
  <testcase classname="Tasks.taskfilters" name="Mytomorrowstask_filter" time="18.978"/>
  <system-out/>
  <testcase classname="Tasks.taskfilters" name="Next7days_filter" time="22.125"/>
  <system-out/>
  <testcase classname="Tasks.taskfilters" name="Opentask_filter" time="20.337"/>
  <system-out/>
  <testcase classname="Tasks.taskfilters" name="Overduetask_filter" time="22.204"/>
  <system-out/>
  <testcase classname="Tasks.taskfilters" name="Todaystask" time="19.169"/>
  <system-out/>
  <testcase classname="Tasks.taskfilters" name="tomorrowstask_filter" time="20.179"/>
  <system-out/>
</testsuite> <!-- Tasks.taskfilters -->
