<?xml version="1.0" encoding="UTF-8"?>
<!-- Generated by org.testng.reporters.JUnitReportReporter -->
<testsuite hostname="DESKTOP-1SST5UI" failures="0" tests="1" name="Share.DealsShare" time="49.384" errors="0" timestamp="2024-09-10T12:14:08 IST" skipped="0">
  <testcase classname="Share.DealsShare" name="deals_RevokeSharing" time="49.384"/>
  <system-out/>
</testsuite> <!-- Share.DealsShare -->
