<?xml version="1.0" encoding="UTF-8"?>
<!-- Generated by org.testng.reporters.JUnitReportReporter -->
<testsuite hostname="DESKTOP-1SST5UI" failures="0" tests="1" name="Deals.CreatedealsTest" time="49.577" errors="0" timestamp="2024-09-05T15:15:26 IST" skipped="0">
  <testcase classname="Deals.CreatedealsTest" name="edit_description" time="49.577"/>
  <system-out/>
</testsuite> <!-- Deals.CreatedealsTest -->
