<?xml version="1.0" encoding="UTF-8"?>
<!-- Generated by org.testng.reporters.JUnitReportReporter -->
<testsuite hostname="DESKTOP-1SST5UI" failures="0" tests="5" name="Tasks.Paginationtask" time="94.438" errors="0" timestamp="2024-09-19T07:35:43 IST" skipped="0">
  <testcase classname="Tasks.Paginationtask" name="recordsperpage10" time="15.937"/>
  <system-out/>
  <testcase classname="Tasks.Paginationtask" name="recordsperpage20" time="19.545"/>
  <system-out/>
  <testcase classname="Tasks.Paginationtask" name="recordsperpage30" time="19.917"/>
  <system-out/>
  <testcase classname="Tasks.Paginationtask" name="recordsperpage40" time="18.866"/>
  <system-out/>
  <testcase classname="Tasks.Paginationtask" name="recordsperpage50" time="20.173"/>
  <system-out/>
</testsuite> <!-- Tasks.Paginationtask -->
