<?xml version="1.0" encoding="UTF-8"?>
<!-- Generated by org.testng.reporters.JUnitReportReporter -->
<testsuite hostname="DESKTOP-1SST5UI" failures="0" tests="1" name="Generalsettings.Creategroup" time="9.912" errors="0" timestamp="2024-09-30T14:01:17 IST" skipped="0">
  <testcase classname="Generalsettings.Creategroup" name="deactivate_users" time="9.912"/>
  <system-out/>
</testsuite> <!-- Generalsettings.Creategroup -->
