<?xml version="1.0" encoding="UTF-8"?>
<!-- Generated by org.testng.reporters.JUnitReportReporter -->
<testsuite hostname="DESKTOP-1SST5UI" failures="0" tests="1" name="RelatedList.Products" time="50.310" errors="0" timestamp="2024-09-12T14:25:35 IST" skipped="0">
  <testcase classname="RelatedList.Products" name="relatedlist_quotes_saveandnew" time="50.310"/>
  <system-out/>
</testsuite> <!-- RelatedList.Products -->
