<?xml version="1.0" encoding="UTF-8"?>
<!-- Generated by org.testng.reporters.JUnitReportReporter -->
<testsuite hostname="DESKTOP-1SST5UI" failures="0" tests="2" name="Tasks.Masstrasnferanddelete" time="80.581" errors="0" timestamp="2024-09-17T08:58:30 IST" skipped="0">
  <testcase classname="Tasks.Masstrasnferanddelete" name="Masstrasnfer_task" time="46.165"/>
  <system-out/>
  <testcase classname="Tasks.Masstrasnferanddelete" name="massdelete_task" time="34.416"/>
  <system-out/>
</testsuite> <!-- Tasks.Masstrasnferanddelete -->
