<?xml version="1.0" encoding="UTF-8"?>
<!-- Generated by org.testng.reporters.JUnitReportReporter -->
<testsuite hostname="DESKTOP-1SST5UI" failures="0" tests="5" name="Pagination.RecordsperPage" time="65.120" errors="0" timestamp="2024-09-12T08:34:52 IST" skipped="0">
  <testcase classname="Pagination.RecordsperPage" name="recordsperPage50" time="11.970"/>
  <system-out/>
  <testcase classname="Pagination.RecordsperPage" name="recordsperPage40" time="12.792"/>
  <system-out/>
  <testcase classname="Pagination.RecordsperPage" name="recordsperPage30" time="12.959"/>
  <system-out/>
  <testcase classname="Pagination.RecordsperPage" name="recordsperPage20" time="11.759"/>
  <system-out/>
  <testcase classname="Pagination.RecordsperPage" name="recordsperpage10" time="15.640"/>
  <system-out/>
</testsuite> <!-- Pagination.RecordsperPage -->
